[2022-05-11 21:06:16.519] [info]  Checking for update
[2022-05-11 21:06:16.557] [error] Error: Error: ENOENT: no such file or directory, open '/opt/standardnotes-bin/resources/app-update.yml'
[2022-05-11 21:06:17.357] [info]  Checking for update
[2022-05-11 21:06:17.358] [error] Error: Error: ENOENT: no such file or directory, open '/opt/standardnotes-bin/resources/app-update.yml'
[2022-05-11 21:08:00.001] [info]  Checking for update
[2022-05-11 21:08:00.036] [error] Error: Error: ENOENT: no such file or directory, open '/opt/standardnotes-bin/resources/app-update.yml'
[2022-05-11 21:08:00.590] [info]  Checking for update
[2022-05-11 21:08:00.592] [error] Error: Error: ENOENT: no such file or directory, open '/opt/standardnotes-bin/resources/app-update.yml'
[2022-05-11 21:52:33.174] [info]  Checking for update
[2022-05-11 21:52:33.206] [error] Error: Error: ENOENT: no such file or directory, open '/opt/standardnotes-bin/resources/app-update.yml'
[2022-05-11 21:52:33.778] [info]  Checking for update
[2022-05-11 21:52:33.780] [error] Error: Error: ENOENT: no such file or directory, open '/opt/standardnotes-bin/resources/app-update.yml'
[2022-05-11 21:53:22.694] [info]  Checking for update
[2022-05-11 21:53:22.725] [error] Error: Error: ENOENT: no such file or directory, open '/opt/standardnotes-bin/resources/app-update.yml'
[2022-05-11 21:53:23.306] [info]  Checking for update
[2022-05-11 21:53:23.307] [error] Error: Error: ENOENT: no such file or directory, open '/opt/standardnotes-bin/resources/app-update.yml'
[2022-05-11 21:55:10.690] [info]  PackageManager: received sync event for: Dracula (0.0.16) (deleted: undefined), Standard Notes Writer (0.1.1) (deleted: undefined), Append Editor - Beta (1.2.6) (deleted: undefined), Horizon Dark (1.0.0) (deleted: undefined), Rich Markdown Editor (0.19.0) (deleted: undefined)
[2022-05-11 21:55:10.694] [info]  PackageManager: Installing  Dracula https://github.com/dracula/standard-notes/archive/0.0.16.zip
[2022-05-11 21:55:10.696] [info]  PackageManager: Downloading from https://github.com/dracula/standard-notes/archive/0.0.16.zip
[2022-05-11 21:55:10.697] [info]  PackageManager: Installing  Standard Notes Writer https://github.com/eenpadvinder/standardnotes-writer/archive/v0.1.1.zip
[2022-05-11 21:55:10.698] [info]  PackageManager: Downloading from https://github.com/eenpadvinder/standardnotes-writer/archive/v0.1.1.zip
[2022-05-11 21:55:10.699] [info]  PackageManager: Installing  Append Editor - Beta https://github.com/TheodoreChu/append-editor/releases/download/v1.2.6/append-editor-build-v1.2.6.zip
[2022-05-11 21:55:10.700] [info]  PackageManager: Downloading from https://github.com/TheodoreChu/append-editor/releases/download/v1.2.6/append-editor-build-v1.2.6.zip
[2022-05-11 21:55:10.701] [info]  PackageManager: Installing  Horizon Dark https://github.com/shouhu21/sn-theme-horizon-dark/archive/refs/tags/1.0.zip
[2022-05-11 21:55:10.701] [info]  PackageManager: Downloading from https://github.com/shouhu21/sn-theme-horizon-dark/archive/refs/tags/1.0.zip
[2022-05-11 21:55:10.702] [info]  PackageManager: Installing  Rich Markdown Editor https://github.com/arturolinares/sn-rme/archive/0.19.0.zip
[2022-05-11 21:55:10.702] [info]  PackageManager: Downloading from https://github.com/arturolinares/sn-rme/archive/0.19.0.zip
[2022-05-11 21:55:10.805] [info]  PackageManager: received sync event for: Batch Manager (undefined) (deleted: undefined), Extensions (undefined) (deleted: undefined)
[2022-05-11 21:55:10.836] [info]  PackageManager: received sync event for: Batch Manager (undefined) (deleted: undefined), Extensions (undefined) (deleted: undefined)
[2022-05-11 21:55:11.572] [info]  PackageManager: Extracting /tmp/Standard Notes/downloads/Horizon Dark.zip to /home/donald/.config/Standard Notes/Extensions/org.github.shouhu21.sn-theme-horizon-dark
[2022-05-11 21:55:11.612] [info]  PackageManager: Installed component Horizon Dark (1.0.0)
[2022-05-11 21:55:11.995] [info]  PackageManager: Extracting /tmp/Standard Notes/downloads/Append Editor - Beta.zip to /home/donald/.config/Standard Notes/Extensions/com.append-editor.beta
[2022-05-11 21:55:12.022] [info]  PackageManager: Extracting /tmp/Standard Notes/downloads/Dracula.zip to /home/donald/.config/Standard Notes/Extensions/ml.xnor.sn-theme-dracula
[2022-05-11 21:55:12.052] [info]  PackageManager: Installed component Dracula (0.0.16)
[2022-05-11 21:55:12.637] [info]  PackageManager: Installed component Append Editor - Beta (1.2.6)
[2022-05-11 21:55:12.808] [info]  PackageManager: Extracting /tmp/Standard Notes/downloads/Standard Notes Writer.zip to /home/donald/.config/Standard Notes/Extensions/io.github.eenpadvinder.standardnotes-writer
[2022-05-11 21:55:12.827] [info]  PackageManager: Installed component Standard Notes Writer (0.1.1)
[2022-05-11 21:55:18.324] [info]  PackageManager: Extracting /tmp/Standard Notes/downloads/Rich Markdown Editor.zip to /home/donald/.config/Standard Notes/Extensions/com.github.arturolinares.sn-rme
[2022-05-11 21:55:18.942] [info]  PackageManager: Installed component Rich Markdown Editor (0.19.0)
[2022-05-11 22:06:34.168] [info]  PackageManager: received sync event for: Rich Markdown Editor (0.19.0) (deleted: undefined)
[2022-05-11 22:06:34.362] [info]  PackageManager: Checking for update for Rich Markdown Editor
Latest: 0.19.0 | Installed: 0.19.0
[2022-05-11 22:33:23.594] [info]  Checking for update
[2022-05-11 22:33:23.632] [error] Error: Error: ENOENT: no such file or directory, open '/opt/standardnotes-bin/resources/app-update.yml'
[2022-05-11 22:33:24.232] [info]  Checking for update
[2022-05-11 22:33:24.233] [error] Error: Error: ENOENT: no such file or directory, open '/opt/standardnotes-bin/resources/app-update.yml'
[2022-05-11 22:33:25.064] [info]  PackageManager: received sync event for: Rich Markdown Editor (0.19.0) (deleted: undefined), Append Editor - Beta (1.2.6) (deleted: undefined), Extensions (undefined) (deleted: undefined), Batch Manager (undefined) (deleted: undefined), Standard Notes Writer (0.1.1) (deleted: undefined), Dracula (0.0.16) (deleted: undefined), Horizon Dark (1.0.0) (deleted: undefined)
[2022-05-11 22:33:25.189] [info]  PackageManager: Checking for update for Dracula
Latest: 0.0.16 | Installed: 0.0.16
[2022-05-11 22:33:25.253] [info]  PackageManager: Checking for update for Append Editor - Beta
Latest: 1.2.6 | Installed: 1.2.6
[2022-05-11 22:33:25.465] [info]  PackageManager: Checking for update for Horizon Dark
Latest: 1.1.0 | Installed: 1.0.0
[2022-05-11 22:33:25.466] [info]  PackageManager: Downloading new version 1.1.0
[2022-05-11 22:33:25.466] [info]  PackageManager: Installing  Horizon Dark https://github.com/luisstd/sn-theme-horizon-dark/archive/refs/tags/1.1.zip
[2022-05-11 22:33:25.467] [info]  PackageManager: Downloading from https://github.com/luisstd/sn-theme-horizon-dark/archive/refs/tags/1.1.zip
[2022-05-11 22:33:25.467] [info]  PackageManager: Checking for update for Standard Notes Writer
Latest: 0.1.1 | Installed: 0.1.1
[2022-05-11 22:33:25.470] [info]  PackageManager: Checking for update for Rich Markdown Editor
Latest: 0.19.0 | Installed: 0.19.0
[2022-05-11 22:33:26.119] [info]  PackageManager: Extracting /tmp/Standard Notes/downloads/Horizon Dark.zip to /home/donald/.config/Standard Notes/Extensions/org.github.shouhu21.sn-theme-horizon-dark
[2022-05-11 22:33:26.148] [info]  PackageManager: Installed component Horizon Dark (1.1.0)
[2022-05-11 23:33:08.432] [info]  Checking for update
[2022-05-11 23:33:08.470] [error] Error: Error: ENOENT: no such file or directory, open '/opt/standardnotes-bin/resources/app-update.yml'
[2022-05-11 23:33:09.127] [info]  Checking for update
[2022-05-11 23:33:09.129] [error] Error: Error: ENOENT: no such file or directory, open '/opt/standardnotes-bin/resources/app-update.yml'
[2022-05-11 23:33:10.036] [info]  PackageManager: received sync event for: Rich Markdown Editor (0.19.0) (deleted: undefined), Append Editor - Beta (1.2.6) (deleted: undefined), Extensions (undefined) (deleted: undefined), Batch Manager (undefined) (deleted: undefined), Horizon Dark (1.0.0) (deleted: undefined), Standard Notes Writer (0.1.1) (deleted: undefined), Dracula (0.0.16) (deleted: undefined)
[2022-05-11 23:33:10.082] [info]  PackageManager: Checking for update for Dracula
Latest: 0.0.16 | Installed: 0.0.16
[2022-05-11 23:33:10.220] [info]  PackageManager: Checking for update for Append Editor - Beta
Latest: 1.2.6 | Installed: 1.2.6
[2022-05-11 23:33:10.302] [info]  PackageManager: Checking for update for Rich Markdown Editor
Latest: 0.19.0 | Installed: 0.19.0
[2022-05-11 23:33:10.336] [info]  PackageManager: Checking for update for Horizon Dark
Latest: 1.1.0 | Installed: 1.1.0
[2022-05-11 23:33:10.444] [info]  PackageManager: Checking for update for Standard Notes Writer
Latest: 0.1.1 | Installed: 0.1.1
[2022-05-13 20:33:18.772] [info]  Checking for update
[2022-05-13 20:33:18.810] [error] Error: Error: ENOENT: no such file or directory, open '/opt/standardnotes-bin/resources/app-update.yml'
[2022-05-13 20:33:19.644] [info]  Checking for update
[2022-05-13 20:33:19.645] [error] Error: Error: ENOENT: no such file or directory, open '/opt/standardnotes-bin/resources/app-update.yml'
[2022-05-13 20:33:20.569] [info]  PackageManager: received sync event for: Rich Markdown Editor (0.19.0) (deleted: undefined), Append Editor - Beta (1.2.6) (deleted: undefined), Extensions (undefined) (deleted: undefined), Batch Manager (undefined) (deleted: undefined), Horizon Dark (1.0.0) (deleted: undefined), Standard Notes Writer (0.1.1) (deleted: undefined), Dracula (0.0.16) (deleted: undefined)
[2022-05-13 20:33:20.594] [info]  PackageManager: Checking for update for Dracula
Latest: 0.0.16 | Installed: 0.0.16
[2022-05-13 20:33:20.741] [info]  PackageManager: received sync event for: Dracula (0.0.16) (deleted: undefined)
[2022-05-13 20:33:20.807] [info]  PackageManager: Checking for update for Append Editor - Beta
Latest: 1.2.6 | Installed: 1.2.6
[2022-05-13 20:33:20.995] [info]  PackageManager: Checking for update for Rich Markdown Editor
Latest: 0.19.0 | Installed: 0.19.0
[2022-05-13 20:33:20.996] [info]  PackageManager: Checking for update for Horizon Dark
Latest: 1.1.0 | Installed: 1.1.0
[2022-05-13 20:33:20.997] [info]  PackageManager: Checking for update for Standard Notes Writer
Latest: 0.1.1 | Installed: 0.1.1
[2022-05-13 20:33:21.002] [info]  PackageManager: Checking for update for Dracula
Latest: 0.0.16 | Installed: 0.0.16
[2022-05-14 01:21:17.688] [info]  Checking for update
[2022-05-14 01:21:17.729] [error] Error: Error: ENOENT: no such file or directory, open '/opt/standardnotes-bin/resources/app-update.yml'
[2022-05-14 01:21:18.580] [info]  Checking for update
[2022-05-14 01:21:18.581] [error] Error: Error: ENOENT: no such file or directory, open '/opt/standardnotes-bin/resources/app-update.yml'
[2022-05-14 01:21:19.539] [info]  PackageManager: received sync event for: Rich Markdown Editor (0.19.0) (deleted: undefined), Append Editor - Beta (1.2.6) (deleted: undefined), Extensions (undefined) (deleted: undefined), Batch Manager (undefined) (deleted: undefined), Dracula (0.0.16) (deleted: undefined), Horizon Dark (1.0.0) (deleted: undefined), Standard Notes Writer (0.1.1) (deleted: undefined)
[2022-05-14 01:21:19.558] [info]  PackageManager: Checking for update for Dracula
Latest: 0.0.16 | Installed: 0.0.16
[2022-05-14 01:21:20.406] [info]  PackageManager: Checking for update for Rich Markdown Editor
Latest: 0.19.0 | Installed: 0.19.0
[2022-05-14 01:21:20.410] [info]  PackageManager: Checking for update for Horizon Dark
Latest: 1.1.0 | Installed: 1.1.0
[2022-05-14 01:21:20.412] [info]  PackageManager: Checking for update for Standard Notes Writer
Latest: 0.1.1 | Installed: 0.1.1
[2022-05-14 01:21:20.595] [info]  PackageManager: Checking for update for Append Editor - Beta
Latest: 1.2.6 | Installed: 1.2.6
[2022-05-14 01:22:06.980] [info]  Checking for update
[2022-05-14 01:22:07.017] [error] Error: Error: ENOENT: no such file or directory, open '/opt/standardnotes-bin/resources/app-update.yml'
[2022-05-14 01:22:07.603] [info]  Checking for update
[2022-05-14 01:22:07.604] [error] Error: Error: ENOENT: no such file or directory, open '/opt/standardnotes-bin/resources/app-update.yml'
[2022-05-14 01:22:08.526] [info]  PackageManager: received sync event for: Rich Markdown Editor (0.19.0) (deleted: undefined), Append Editor - Beta (1.2.6) (deleted: undefined), Extensions (undefined) (deleted: undefined), Batch Manager (undefined) (deleted: undefined), Dracula (0.0.16) (deleted: undefined), Horizon Dark (1.0.0) (deleted: undefined), Standard Notes Writer (0.1.1) (deleted: undefined)
[2022-05-14 01:22:08.545] [info]  PackageManager: Checking for update for Append Editor - Beta
Latest: 1.2.6 | Installed: 1.2.6
[2022-05-14 01:22:08.548] [info]  PackageManager: Checking for update for Dracula
Latest: 0.0.16 | Installed: 0.0.16
[2022-05-14 01:22:09.073] [info]  PackageManager: Checking for update for Rich Markdown Editor
Latest: 0.19.0 | Installed: 0.19.0
[2022-05-14 01:22:09.074] [info]  PackageManager: Checking for update for Horizon Dark
Latest: 1.1.0 | Installed: 1.1.0
[2022-05-14 01:22:09.296] [info]  PackageManager: Checking for update for Standard Notes Writer
Latest: 0.1.1 | Installed: 0.1.1
