INFO: 2022-05-14 01:17:34,454: main() 'Using profile folder /home/donald/.config/variety/'
INFO: 2022-05-14 01:17:34,460: perform_upgrade() 'Last run version was 0.8.7 or earlier, current version is 0.8.7'
INFO: 2022-05-14 01:17:34,797: process_command() 'Received command: ['--next']'
INFO: 2022-05-14 01:17:34,802: start() 'Using data_path /usr/share/variety'
INFO: 2022-05-14 01:17:34,802: load() 'Jumble loading'
INFO: 2022-05-14 01:17:34,803: _walk_modules() 'Jumble loading module in __init__ from /usr/lib/python3.10/site-packages/variety/plugins/builtin/__init__.py'
INFO: 2022-05-14 01:17:34,805: _walk_modules() 'Jumble loading module in UnsplashConfigurableSource from /usr/lib/python3.10/site-packages/variety/plugins/builtin/downloaders/UnsplashConfigurableSource.py'
INFO: 2022-05-14 01:17:34,809: load() 'Jumble found plugin class: <class 'UnsplashConfigurableSource.UnsplashConfigurableSource'>: {'name': 'UnsplashConfigurableSource', 'description': 'Configurable source for fetching photos from Unsplash.com', 'author': 'Peter Levi', 'version': '0.1'}'
INFO: 2022-05-14 01:17:34,810: _walk_modules() 'Jumble loading module in EarthviewDownloader from /usr/lib/python3.10/site-packages/variety/plugins/builtin/downloaders/EarthviewDownloader.py'
INFO: 2022-05-14 01:17:34,811: load() 'Jumble found plugin class: <class 'EarthviewDownloader.EarthviewDownloader'>: {'name': 'EarthviewDownloader', 'description': 'Google Earth View Wallpapers', 'author': 'Peter Levi', 'version': '0.1'}'
INFO: 2022-05-14 01:17:34,812: _walk_modules() 'Jumble loading module in NationalGeographicDownloader from /usr/lib/python3.10/site-packages/variety/plugins/builtin/downloaders/NationalGeographicDownloader.py'
INFO: 2022-05-14 01:17:34,813: load() 'Jumble found plugin class: <class 'NationalGeographicDownloader.NationalGeographicDownloader'>: {'name': 'NationalGeographicDownloader', 'description': "National Geographic's photo of the day", 'author': 'Eric Rösch', 'version': '0.1'}'
INFO: 2022-05-14 01:17:34,813: _walk_modules() 'Jumble loading module in UnsplashDownloader from /usr/lib/python3.10/site-packages/variety/plugins/builtin/downloaders/UnsplashDownloader.py'
INFO: 2022-05-14 01:17:34,814: load() 'Jumble found plugin class: <class 'UnsplashDownloader.UnsplashDownloader'>: {'name': 'UnsplashDownloader', 'description': 'High-resolution photos from Unsplash.com', 'author': 'Peter Levi', 'version': '0.1'}'
INFO: 2022-05-14 01:17:34,815: _walk_modules() 'Jumble loading module in ArtStationDownloader from /usr/lib/python3.10/site-packages/variety/plugins/builtin/downloaders/ArtStationDownloader.py'
INFO: 2022-05-14 01:17:34,817: _walk_modules() 'Jumble loading module in WallhavenDownloader from /usr/lib/python3.10/site-packages/variety/plugins/builtin/downloaders/WallhavenDownloader.py'
INFO: 2022-05-14 01:17:34,821: _walk_modules() 'Jumble loading module in WallhavenSource from /usr/lib/python3.10/site-packages/variety/plugins/builtin/downloaders/WallhavenSource.py'
INFO: 2022-05-14 01:17:34,823: load() 'Jumble found plugin class: <class 'WallhavenSource.WallhavenSource'>: {'name': 'WallhavenSource', 'description': 'Configurable source for fetching images from Wallhaven.cc', 'author': 'Peter Levi', 'version': '0.1'}'
INFO: 2022-05-14 01:17:34,823: _walk_modules() 'Jumble loading module in __init__ from /usr/lib/python3.10/site-packages/variety/plugins/builtin/downloaders/__init__.py'
INFO: 2022-05-14 01:17:34,824: _walk_modules() 'Jumble loading module in RedditSource from /usr/lib/python3.10/site-packages/variety/plugins/builtin/downloaders/RedditSource.py'
INFO: 2022-05-14 01:17:34,826: load() 'Jumble found plugin class: <class 'RedditSource.RedditSource'>: {'name': 'RedditSource', 'description': 'Configurable source for fetching images from Reddit', 'author': 'Peter Levi', 'version': '0.1'}'
INFO: 2022-05-14 01:17:34,826: _walk_modules() 'Jumble loading module in ArtStationSource from /usr/lib/python3.10/site-packages/variety/plugins/builtin/downloaders/ArtStationSource.py'
INFO: 2022-05-14 01:17:34,827: load() 'Jumble found plugin class: <class 'ArtStationSource.ArtStationSource'>: {'name': 'ArtStationSource', 'description': 'Configurable source for fetching images from ArtStation', 'author': 'Denis Gordeev', 'version': '0.1'}'
INFO: 2022-05-14 01:17:34,828: _walk_modules() 'Jumble loading module in MediaRSSSource from /usr/lib/python3.10/site-packages/variety/plugins/builtin/downloaders/MediaRSSSource.py'
INFO: 2022-05-14 01:17:34,830: load() 'Jumble found plugin class: <class 'MediaRSSSource.MediaRSSSource'>: {'name': 'MediaRSSSource', 'description': 'Configurable source for fetching images from MediaRSS feeds', 'author': 'Peter Levi', 'version': '0.1'}'
INFO: 2022-05-14 01:17:34,830: _walk_modules() 'Jumble loading module in MediaRSSDownloader from /usr/lib/python3.10/site-packages/variety/plugins/builtin/downloaders/MediaRSSDownloader.py'
INFO: 2022-05-14 01:17:34,832: _walk_modules() 'Jumble loading module in APODDownloader from /usr/lib/python3.10/site-packages/variety/plugins/builtin/downloaders/APODDownloader.py'
INFO: 2022-05-14 01:17:34,834: load() 'Jumble found plugin class: <class 'APODDownloader.APODDownloader'>: {'name': 'APODDownloader', 'description': 'NASA Astro Pic of the Day', 'author': 'Peter Levi', 'version': '0.1'}'
INFO: 2022-05-14 01:17:34,835: _walk_modules() 'Jumble loading module in BingDownloader from /usr/lib/python3.10/site-packages/variety/plugins/builtin/downloaders/BingDownloader.py'
INFO: 2022-05-14 01:17:34,837: load() 'Jumble found plugin class: <class 'BingDownloader.BingDownloader'>: {'name': 'BingDownloader', 'description': 'Bing Photo of the Day', 'author': 'Peter Levi', 'version': '0.1'}'
INFO: 2022-05-14 01:17:34,838: _walk_modules() 'Jumble loading module in WallhavenLegacyDownloader from /usr/lib/python3.10/site-packages/variety/plugins/builtin/downloaders/WallhavenLegacyDownloader.py'
INFO: 2022-05-14 01:17:34,840: _walk_modules() 'Jumble loading module in RedditDownloader from /usr/lib/python3.10/site-packages/variety/plugins/builtin/downloaders/RedditDownloader.py'
INFO: 2022-05-14 01:17:34,843: _walk_modules() 'Jumble loading module in UrbanDictionarySource from /usr/lib/python3.10/site-packages/variety/plugins/builtin/quotes/UrbanDictionarySource.py'
INFO: 2022-05-14 01:17:34,845: load() 'Jumble found plugin class: <class 'UrbanDictionarySource.UrbanDictionarySource'>: {'name': 'Urban Dictionary', 'description': 'Displays definitions from Urban Dictionary', 'author': 'James Miller', 'version': '0.1'}'
INFO: 2022-05-14 01:17:34,846: _walk_modules() 'Jumble loading module in QuotationsPageSource from /usr/lib/python3.10/site-packages/variety/plugins/builtin/quotes/QuotationsPageSource.py'
INFO: 2022-05-14 01:17:34,862: load() 'Jumble found plugin class: <class 'QuotationsPageSource.QuotationsPageSource'>: {'name': 'TheQuotationsPage.com', 'description': 'Fetches quotes from TheQuotationsPage.com', 'author': 'Peter Levi', 'version': '0.1'}'
INFO: 2022-05-14 01:17:34,863: _walk_modules() 'Jumble loading module in GoodreadsSource from /usr/lib/python3.10/site-packages/variety/plugins/builtin/quotes/GoodreadsSource.py'
INFO: 2022-05-14 01:17:34,864: load() 'Jumble found plugin class: <class 'GoodreadsSource.GoodreadsSource'>: {'name': 'Goodreads', 'description': 'Fetches quotes from Goodreads.com', 'author': 'Peter Levi', 'version': '0.1'}'
INFO: 2022-05-14 01:17:34,865: _walk_modules() 'Jumble loading module in FortuneSource from /usr/lib/python3.10/site-packages/variety/plugins/builtin/quotes/FortuneSource.py'
INFO: 2022-05-14 01:17:34,866: load() 'Jumble found plugin class: <class 'FortuneSource.FortuneSource'>: {'name': 'UNIX fortune program', 'description': 'Displays quotes using the UNIX fortune program. You may want to install additional fortune packs, e.g. fortunes-bofh-excuses.', 'author': 'Dan Jones', 'version': '0.1'}'
INFO: 2022-05-14 01:17:34,867: _walk_modules() 'Jumble loading module in LocalFilesSource from /usr/lib/python3.10/site-packages/variety/plugins/builtin/quotes/LocalFilesSource.py'
INFO: 2022-05-14 01:17:34,869: load() 'Jumble found plugin class: <class 'LocalFilesSource.LocalFilesSource'>: {'name': 'Local text files', 'description': 'Displays quotes, defined in local text files.\nPut your own txt files in: ~/.config/variety/pluginconfig/quotes/.\nThe file format is:\n\nquote -- author\n.\nsecond quote -- another author\n.\netc...\n\nExample: http://rvelthuis.de/zips/quotes.txt', 'author': 'Peter Levi', 'version': '0.1'}'
INFO: 2022-05-14 01:17:34,869: _walk_modules() 'Jumble loading module in __init__ from /usr/lib/python3.10/site-packages/variety/plugins/builtin/quotes/__init__.py'
INFO: 2022-05-14 01:17:34,897: log_options() 'Loaded options:'
INFO: 2022-05-14 01:17:34,897: log_options() 'change_enabled = True'
INFO: 2022-05-14 01:17:34,898: log_options() 'change_interval = 120'
INFO: 2022-05-14 01:17:34,898: log_options() 'change_on_start = True'
INFO: 2022-05-14 01:17:34,898: log_options() 'clipboard_enabled = False'
INFO: 2022-05-14 01:17:34,898: log_options() 'clipboard_hosts = ['wallhaven.cc', 'wallpapers.net', 'flickr.com', 'imgur.com', 'deviantart.com', 'interfacelift.com', 'vladstudio.com', 'imageshack.us', 'deviantart.net', 'imageshack.com']'
INFO: 2022-05-14 01:17:34,898: log_options() 'clipboard_use_whitelist = True'
INFO: 2022-05-14 01:17:34,898: log_options() 'clock_date_font = Serif 30'
INFO: 2022-05-14 01:17:34,898: log_options() 'clock_enabled = False'
INFO: 2022-05-14 01:17:34,898: log_options() 'clock_filter = -density 100 -font `fc-match -f '%{file[0]}' '%CLOCK_FONT_NAME'` -pointsize %CLOCK_FONT_SIZE -gravity SouthEast -fill '#00000044' -annotate 0x0+[%HOFFSET+58]+[%VOFFSET+108] '%H:%M' -fill white -annotate 0x0+[%HOFFSET+60]+[%VOFFSET+110] '%H:%M' -font `fc-match -f '%{file[0]}' '%DATE_FONT_NAME'` -pointsize %DATE_FONT_SIZE -fill '#00000044' -annotate 0x0+[%HOFFSET+58]+[%VOFFSET+58] '%A, %B %d' -fill white -annotate 0x0+[%HOFFSET+60]+[%VOFFSET+60] '%A, %B %d''
INFO: 2022-05-14 01:17:34,898: log_options() 'clock_font = Serif 70'
INFO: 2022-05-14 01:17:34,898: log_options() 'configfile = /home/donald/.config/variety/variety.conf'
INFO: 2022-05-14 01:17:34,898: log_options() 'copyto_enabled = False'
INFO: 2022-05-14 01:17:34,898: log_options() 'copyto_folder = Default'
INFO: 2022-05-14 01:17:34,899: log_options() 'desired_color = [160, 160, 160]'
INFO: 2022-05-14 01:17:34,899: log_options() 'desired_color_enabled = False'
INFO: 2022-05-14 01:17:34,899: log_options() 'download_folder = /home/donald/.config/variety/Downloaded'
INFO: 2022-05-14 01:17:34,899: log_options() 'download_preference_ratio = 0.9'
INFO: 2022-05-14 01:17:34,899: log_options() 'favorites_folder = /home/donald/.config/variety/Favorites'
INFO: 2022-05-14 01:17:34,899: log_options() 'favorites_operations = [['Downloaded', 'Copy'], ['Fetched', 'Move'], ['Others', 'Copy']]'
INFO: 2022-05-14 01:17:34,899: log_options() 'fetched_folder = /home/donald/.config/variety/Fetched'
INFO: 2022-05-14 01:17:34,899: log_options() 'filters = [[False, 'Keep original', ''], [False, 'Grayscale', '-type Grayscale'], [False, 'Heavy blur', '-blur 120x40'], [False, 'Soft blur', '-blur 20x7'], [False, 'Oil painting', '-paint 8'], [False, 'Pointilism', '-spread 10 -noise 3'], [False, 'Pixellate', '-scale 3% -scale 3333%']]'
INFO: 2022-05-14 01:17:34,899: log_options() 'get_wallpaper_script = /home/donald/.config/variety/scripts/get_wallpaper'
INFO: 2022-05-14 01:17:34,899: log_options() 'icon = Light'
INFO: 2022-05-14 01:17:34,899: log_options() 'internet_enabled = False'
INFO: 2022-05-14 01:17:34,899: log_options() 'lightness_enabled = False'
INFO: 2022-05-14 01:17:34,899: log_options() 'lightness_mode = 0'
INFO: 2022-05-14 01:17:34,899: log_options() 'min_rating = 4'
INFO: 2022-05-14 01:17:34,899: log_options() 'min_rating_enabled = False'
INFO: 2022-05-14 01:17:34,900: log_options() 'min_size = 80'
INFO: 2022-05-14 01:17:34,900: log_options() 'min_size_enabled = False'
INFO: 2022-05-14 01:17:34,900: log_options() 'quota_enabled = True'
INFO: 2022-05-14 01:17:34,900: log_options() 'quota_size = 1000'
INFO: 2022-05-14 01:17:34,900: log_options() 'quotes_authors = '
INFO: 2022-05-14 01:17:34,900: log_options() 'quotes_bg_color = [80, 80, 80]'
INFO: 2022-05-14 01:17:34,900: log_options() 'quotes_bg_opacity = 55'
INFO: 2022-05-14 01:17:34,900: log_options() 'quotes_change_enabled = False'
INFO: 2022-05-14 01:17:34,900: log_options() 'quotes_change_interval = 300'
INFO: 2022-05-14 01:17:34,900: log_options() 'quotes_disabled_sources = ['Urban Dictionary']'
INFO: 2022-05-14 01:17:34,900: log_options() 'quotes_enabled = False'
INFO: 2022-05-14 01:17:34,900: log_options() 'quotes_favorites_file = /home/donald/.config/variety/favorite_quotes.txt'
INFO: 2022-05-14 01:17:34,900: log_options() 'quotes_font = Serif 30'
INFO: 2022-05-14 01:17:34,900: log_options() 'quotes_hpos = 100'
INFO: 2022-05-14 01:17:34,900: log_options() 'quotes_max_length = 250'
INFO: 2022-05-14 01:17:34,901: log_options() 'quotes_tags = '
INFO: 2022-05-14 01:17:34,901: log_options() 'quotes_text_color = [255, 255, 255]'
INFO: 2022-05-14 01:17:34,901: log_options() 'quotes_text_shadow = False'
INFO: 2022-05-14 01:17:34,901: log_options() 'quotes_vpos = 40'
INFO: 2022-05-14 01:17:34,901: log_options() 'quotes_width = 70'
INFO: 2022-05-14 01:17:34,901: log_options() 'safe_mode = False'
INFO: 2022-05-14 01:17:34,901: log_options() 'set_wallpaper_script = /home/donald/.config/variety/scripts/set_wallpaper'
INFO: 2022-05-14 01:17:34,901: log_options() 'slideshow_custom_enabled = False'
INFO: 2022-05-14 01:17:34,901: log_options() 'slideshow_custom_folder = /home/donald/Pictures'
INFO: 2022-05-14 01:17:34,901: log_options() 'slideshow_downloads_enabled = False'
INFO: 2022-05-14 01:17:34,901: log_options() 'slideshow_fade = 0.4'
INFO: 2022-05-14 01:17:34,901: log_options() 'slideshow_favorites_enabled = True'
INFO: 2022-05-14 01:17:34,901: log_options() 'slideshow_mode = Fullscreen'
INFO: 2022-05-14 01:17:34,901: log_options() 'slideshow_monitor = All'
INFO: 2022-05-14 01:17:34,901: log_options() 'slideshow_pan = 0.05'
INFO: 2022-05-14 01:17:34,902: log_options() 'slideshow_seconds = 6.0'
INFO: 2022-05-14 01:17:34,902: log_options() 'slideshow_sort_order = Random'
INFO: 2022-05-14 01:17:34,902: log_options() 'slideshow_sources_enabled = True'
INFO: 2022-05-14 01:17:34,902: log_options() 'slideshow_zoom = 0.2'
INFO: 2022-05-14 01:17:34,902: log_options() 'smart_enabled = False'
INFO: 2022-05-14 01:17:34,902: log_options() 'smart_notice_shown = False'
INFO: 2022-05-14 01:17:34,902: log_options() 'smart_register_shown = False'
INFO: 2022-05-14 01:17:34,902: log_options() 'sources = [[True, 'favorites', 'The Favorites folder'], [False, 'fetched', 'The Fetched folder'], [False, 'folder', '/usr/share/backgrounds'], [False, 'flickr', 'user:www.flickr.com/photos/peter-levi/;user_id:93647178@N00;'], [False, 'apod', "NASA's Astronomy Picture of the Day"], [False, 'bing', 'Bing Photo of the Day'], [False, 'earthview', 'Google Earth View Wallpapers'], [False, 'natgeo', "National Geographic's photo of the day"], [False, 'unsplash', 'High-resolution photos from Unsplash.com']]'
INFO: 2022-05-14 01:17:34,902: log_options() 'stats_enabled = True'
INFO: 2022-05-14 01:17:34,902: log_options() 'stats_notice_shown = False'
INFO: 2022-05-14 01:17:34,902: log_options() 'sync_enabled = True'
INFO: 2022-05-14 01:17:34,902: log_options() 'use_landscape_enabled = True'
INFO: 2022-05-14 01:17:34,902: log_options() 'wallhaven_api_key = '
INFO: 2022-05-14 01:17:34,902: reload_config() 'No need to clear prepared queue'
INFO: 2022-05-14 01:17:34,902: update_indicator() 'Setting file info to: /home/donald/.config/variety/Favorites/endeavour_flavours.png'
INFO: 2022-05-14 01:17:34,927: load_banned() 'Missing or invalid banned URLs list, no URLs will be banned'
INFO: 2022-05-14 01:17:34,928: load_last_change_time() 'Change interval < 6 hours, ignore persisted last_change_time, wait initially the whole interval: 120'
INFO: 2022-05-14 01:17:34,928: update_indicator() 'Setting file info to: /home/donald/.config/variety/Favorites/endeavour_flavours.png'
INFO: 2022-05-14 01:17:34,931: regular_change_thread() 'regular_change thread running'
INFO: 2022-05-14 01:17:34,931: prepare_thread() 'Prepare thread running'
INFO: 2022-05-14 01:17:34,931: prepare_thread() 'Prepared buffer contains 0 images'
INFO: 2022-05-14 01:17:34,931: prepare_thread() 'Preparing some images'
INFO: 2022-05-14 01:17:34,933: update_indicator_icon() 'Creating indicator'
WARNING: 2022-05-14 01:17:34,956: create_menu() 'Variety Slideshow is not installed. This is an optional extension adding pan-and-zoom slideshows to Variety: see https://github.com/peterlevi/variety-slideshow for details'
INFO: 2022-05-14 01:17:34,957: create_indicator() 'indicator backend: AppIndicator3'
INFO: 2022-05-14 01:17:34,984: set_from_theme_icon() 'Showing indicator icon variety-indicator from GTK theme'
INFO: 2022-05-14 01:17:35,018: prepare_thread() 'After search prepared buffer contains 34 images'
INFO: 2022-05-14 01:17:35,029: do_set_wp() 'Calling do_set_wp with /home/donald/.config/variety/Favorites/endeavour_flavours.png, time: 1652509055.0290508'
INFO: 2022-05-14 01:17:35,056: update_indicator() 'Setting file info to: /home/donald/.config/variety/Favorites/endeavour_flavours.png'
ERROR: 2022-05-14 01:17:35,893: set_desktop_wallpaper() 'Exception when calling set_wallpaper script: 2'
Traceback (most recent call last):
  File "/usr/lib/python3.10/site-packages/variety/VarietyWindow.py", line 2676, in set_desktop_wallpaper
    subprocess.check_call([script, wallpaper, auto, original_file], timeout=10)
  File "/usr/lib/python3.10/subprocess.py", line 369, in check_call
    raise CalledProcessError(retcode, cmd)
subprocess.CalledProcessError: Command '['/home/donald/.config/variety/scripts/set_wallpaper', '/home/donald/.config/variety/Favorites/endeavour_flavours.png', 'refresh', '/home/donald/.config/variety/Favorites/endeavour_flavours.png']' returned non-zero exit status 2.
INFO: 2022-05-14 01:17:36,833: reload() 'Reloading preferences dialog'
INFO: 2022-05-14 01:17:37,018: trigger_download() 'Triggering download thread to check if download needed and possible'
INFO: 2022-05-14 01:17:37,803: set_wallpaper() 'Calling set_wallpaper with /home/donald/.config/variety/Favorites/Endy_vector_watching.png'
INFO: 2022-05-14 01:17:37,803: prepare_thread() 'Prepared buffer contains 33 images'
INFO: 2022-05-14 01:17:37,804: do_set_wp() 'Calling do_set_wp with /home/donald/.config/variety/Favorites/Endy_vector_watching.png, time: 1652509057.8041236'
INFO: 2022-05-14 01:17:37,836: update_indicator() 'Setting file info to: /home/donald/.config/variety/Favorites/Endy_vector_watching.png'
ERROR: 2022-05-14 01:17:38,459: set_desktop_wallpaper() 'Exception when calling set_wallpaper script: 2'
Traceback (most recent call last):
  File "/usr/lib/python3.10/site-packages/variety/VarietyWindow.py", line 2676, in set_desktop_wallpaper
    subprocess.check_call([script, wallpaper, auto, original_file], timeout=10)
  File "/usr/lib/python3.10/subprocess.py", line 369, in check_call
    raise CalledProcessError(retcode, cmd)
subprocess.CalledProcessError: Command '['/home/donald/.config/variety/scripts/set_wallpaper', '/home/donald/.config/variety/Favorites/Endy_vector_watching.png', 'auto', '/home/donald/.config/variety/Favorites/Endy_vector_watching.png']' returned non-zero exit status 2.
INFO: 2022-05-14 01:17:39,804: trigger_download() 'Triggering download thread to check if download needed and possible'
INFO: 2022-05-14 01:17:39,931: set_wallpaper() 'Calling set_wallpaper with /home/donald/.config/variety/Favorites/Full_throttle_spots.png'
INFO: 2022-05-14 01:17:39,932: prepare_thread() 'Prepared buffer contains 32 images'
INFO: 2022-05-14 01:17:39,932: do_set_wp() 'Calling do_set_wp with /home/donald/.config/variety/Favorites/Full_throttle_spots.png, time: 1652509059.9324949'
INFO: 2022-05-14 01:17:39,951: update_indicator() 'Setting file info to: /home/donald/.config/variety/Favorites/Full_throttle_spots.png'
ERROR: 2022-05-14 01:17:40,322: set_desktop_wallpaper() 'Exception when calling set_wallpaper script: 2'
Traceback (most recent call last):
  File "/usr/lib/python3.10/site-packages/variety/VarietyWindow.py", line 2676, in set_desktop_wallpaper
    subprocess.check_call([script, wallpaper, auto, original_file], timeout=10)
  File "/usr/lib/python3.10/subprocess.py", line 369, in check_call
    raise CalledProcessError(retcode, cmd)
subprocess.CalledProcessError: Command '['/home/donald/.config/variety/scripts/set_wallpaper', '/home/donald/.config/variety/Favorites/Full_throttle_spots.png', 'auto', '/home/donald/.config/variety/Favorites/Full_throttle_spots.png']' returned non-zero exit status 2.
INFO: 2022-05-14 01:17:41,932: trigger_download() 'Triggering download thread to check if download needed and possible'
INFO: 2022-05-14 01:19:40,323: regular_change_thread() 'regular_change changes wallpaper'
INFO: 2022-05-14 01:19:40,323: set_wallpaper() 'Calling set_wallpaper with /home/donald/.config/variety/Favorites/APOLLO-MOON.png'
INFO: 2022-05-14 01:19:40,323: prepare_thread() 'Prepared buffer contains 31 images'
INFO: 2022-05-14 01:19:40,324: do_set_wp() 'Calling do_set_wp with /home/donald/.config/variety/Favorites/APOLLO-MOON.png, time: 1652509180.3242135'
INFO: 2022-05-14 01:19:40,339: update_indicator() 'Setting file info to: /home/donald/.config/variety/Favorites/APOLLO-MOON.png'
ERROR: 2022-05-14 01:19:40,855: set_desktop_wallpaper() 'Exception when calling set_wallpaper script: 2'
Traceback (most recent call last):
  File "/usr/lib/python3.10/site-packages/variety/VarietyWindow.py", line 2676, in set_desktop_wallpaper
    subprocess.check_call([script, wallpaper, auto, original_file], timeout=10)
  File "/usr/lib/python3.10/subprocess.py", line 369, in check_call
    raise CalledProcessError(retcode, cmd)
subprocess.CalledProcessError: Command '['/home/donald/.config/variety/scripts/set_wallpaper', '/home/donald/.config/variety/Favorites/APOLLO-MOON.png', 'auto', '/home/donald/.config/variety/Favorites/APOLLO-MOON.png']' returned non-zero exit status 2.
INFO: 2022-05-14 01:19:42,324: trigger_download() 'Triggering download thread to check if download needed and possible'
INFO: 2022-05-14 01:21:40,856: regular_change_thread() 'regular_change changes wallpaper'
INFO: 2022-05-14 01:21:40,857: set_wallpaper() 'Calling set_wallpaper with /home/donald/.config/variety/Favorites/LAUNCH.png'
INFO: 2022-05-14 01:21:40,857: prepare_thread() 'Prepared buffer contains 30 images'
INFO: 2022-05-14 01:21:40,857: do_set_wp() 'Calling do_set_wp with /home/donald/.config/variety/Favorites/LAUNCH.png, time: 1652509300.8578246'
INFO: 2022-05-14 01:21:40,869: update_indicator() 'Setting file info to: /home/donald/.config/variety/Favorites/LAUNCH.png'
ERROR: 2022-05-14 01:21:41,285: set_desktop_wallpaper() 'Exception when calling set_wallpaper script: 2'
Traceback (most recent call last):
  File "/usr/lib/python3.10/site-packages/variety/VarietyWindow.py", line 2676, in set_desktop_wallpaper
    subprocess.check_call([script, wallpaper, auto, original_file], timeout=10)
  File "/usr/lib/python3.10/subprocess.py", line 369, in check_call
    raise CalledProcessError(retcode, cmd)
subprocess.CalledProcessError: Command '['/home/donald/.config/variety/scripts/set_wallpaper', '/home/donald/.config/variety/Favorites/LAUNCH.png', 'auto', '/home/donald/.config/variety/Favorites/LAUNCH.png']' returned non-zero exit status 2.
INFO: 2022-05-14 01:21:42,857: trigger_download() 'Triggering download thread to check if download needed and possible'
INFO: 2022-05-14 01:23:41,286: regular_change_thread() 'regular_change changes wallpaper'
INFO: 2022-05-14 01:23:41,286: set_wallpaper() 'Calling set_wallpaper with /home/donald/.config/variety/Favorites/Endy_conquest_1140P_16-9_centered.png'
INFO: 2022-05-14 01:23:41,287: prepare_thread() 'Prepared buffer contains 29 images'
INFO: 2022-05-14 01:23:41,288: do_set_wp() 'Calling do_set_wp with /home/donald/.config/variety/Favorites/Endy_conquest_1140P_16-9_centered.png, time: 1652509421.288026'
INFO: 2022-05-14 01:23:41,302: update_indicator() 'Setting file info to: /home/donald/.config/variety/Favorites/Endy_conquest_1140P_16-9_centered.png'
ERROR: 2022-05-14 01:23:41,669: set_desktop_wallpaper() 'Exception when calling set_wallpaper script: 2'
Traceback (most recent call last):
  File "/usr/lib/python3.10/site-packages/variety/VarietyWindow.py", line 2676, in set_desktop_wallpaper
    subprocess.check_call([script, wallpaper, auto, original_file], timeout=10)
  File "/usr/lib/python3.10/subprocess.py", line 369, in check_call
    raise CalledProcessError(retcode, cmd)
subprocess.CalledProcessError: Command '['/home/donald/.config/variety/scripts/set_wallpaper', '/home/donald/.config/variety/Favorites/Endy_conquest_1140P_16-9_centered.png', 'auto', '/home/donald/.config/variety/Favorites/Endy_conquest_1140P_16-9_centered.png']' returned non-zero exit status 2.
INFO: 2022-05-14 01:23:43,288: trigger_download() 'Triggering download thread to check if download needed and possible'
INFO: 2022-05-14 01:25:41,669: regular_change_thread() 'regular_change changes wallpaper'
INFO: 2022-05-14 01:25:41,670: set_wallpaper() 'Calling set_wallpaper with /home/donald/.config/variety/Favorites/eos_xfcei3_2.png'
INFO: 2022-05-14 01:25:41,670: prepare_thread() 'Prepared buffer contains 28 images'
INFO: 2022-05-14 01:25:41,671: do_set_wp() 'Calling do_set_wp with /home/donald/.config/variety/Favorites/eos_xfcei3_2.png, time: 1652509541.6714923'
INFO: 2022-05-14 01:25:41,683: update_indicator() 'Setting file info to: /home/donald/.config/variety/Favorites/eos_xfcei3_2.png'
ERROR: 2022-05-14 01:25:42,222: set_desktop_wallpaper() 'Exception when calling set_wallpaper script: 2'
Traceback (most recent call last):
  File "/usr/lib/python3.10/site-packages/variety/VarietyWindow.py", line 2676, in set_desktop_wallpaper
    subprocess.check_call([script, wallpaper, auto, original_file], timeout=10)
  File "/usr/lib/python3.10/subprocess.py", line 369, in check_call
    raise CalledProcessError(retcode, cmd)
subprocess.CalledProcessError: Command '['/home/donald/.config/variety/scripts/set_wallpaper', '/home/donald/.config/variety/Favorites/eos_xfcei3_2.png', 'auto', '/home/donald/.config/variety/Favorites/eos_xfcei3_2.png']' returned non-zero exit status 2.
INFO: 2022-05-14 01:25:43,671: trigger_download() 'Triggering download thread to check if download needed and possible'
INFO: 2022-05-14 01:27:42,223: regular_change_thread() 'regular_change changes wallpaper'
INFO: 2022-05-14 01:27:42,223: set_wallpaper() 'Calling set_wallpaper with /home/donald/.config/variety/Favorites/APOLLO-ROCKET-FLAT.png'
INFO: 2022-05-14 01:27:42,224: prepare_thread() 'Prepared buffer contains 27 images'
INFO: 2022-05-14 01:27:42,225: do_set_wp() 'Calling do_set_wp with /home/donald/.config/variety/Favorites/APOLLO-ROCKET-FLAT.png, time: 1652509662.2251396'
INFO: 2022-05-14 01:27:42,238: update_indicator() 'Setting file info to: /home/donald/.config/variety/Favorites/APOLLO-ROCKET-FLAT.png'
ERROR: 2022-05-14 01:27:42,655: set_desktop_wallpaper() 'Exception when calling set_wallpaper script: 2'
Traceback (most recent call last):
  File "/usr/lib/python3.10/site-packages/variety/VarietyWindow.py", line 2676, in set_desktop_wallpaper
    subprocess.check_call([script, wallpaper, auto, original_file], timeout=10)
  File "/usr/lib/python3.10/subprocess.py", line 369, in check_call
    raise CalledProcessError(retcode, cmd)
subprocess.CalledProcessError: Command '['/home/donald/.config/variety/scripts/set_wallpaper', '/home/donald/.config/variety/Favorites/APOLLO-ROCKET-FLAT.png', 'auto', '/home/donald/.config/variety/Favorites/APOLLO-ROCKET-FLAT.png']' returned non-zero exit status 2.
INFO: 2022-05-14 01:27:44,225: trigger_download() 'Triggering download thread to check if download needed and possible'
INFO: 2022-05-14 01:29:42,656: regular_change_thread() 'regular_change changes wallpaper'
INFO: 2022-05-14 01:29:42,656: set_wallpaper() 'Calling set_wallpaper with /home/donald/.config/variety/Favorites/EOS_3_4K.png'
INFO: 2022-05-14 01:29:42,657: prepare_thread() 'Prepared buffer contains 26 images'
INFO: 2022-05-14 01:29:42,657: do_set_wp() 'Calling do_set_wp with /home/donald/.config/variety/Favorites/EOS_3_4K.png, time: 1652509782.6577675'
INFO: 2022-05-14 01:29:42,671: update_indicator() 'Setting file info to: /home/donald/.config/variety/Favorites/EOS_3_4K.png'
ERROR: 2022-05-14 01:29:43,188: set_desktop_wallpaper() 'Exception when calling set_wallpaper script: 2'
Traceback (most recent call last):
  File "/usr/lib/python3.10/site-packages/variety/VarietyWindow.py", line 2676, in set_desktop_wallpaper
    subprocess.check_call([script, wallpaper, auto, original_file], timeout=10)
  File "/usr/lib/python3.10/subprocess.py", line 369, in check_call
    raise CalledProcessError(retcode, cmd)
subprocess.CalledProcessError: Command '['/home/donald/.config/variety/scripts/set_wallpaper', '/home/donald/.config/variety/Favorites/EOS_3_4K.png', 'auto', '/home/donald/.config/variety/Favorites/EOS_3_4K.png']' returned non-zero exit status 2.
INFO: 2022-05-14 01:29:44,657: trigger_download() 'Triggering download thread to check if download needed and possible'
